0 info it worked if it ends with ok
1 verbose cli [ '/usr/bin/node', '/usr/bin/npm', 'link' ]
2 info using npm@3.5.2
3 info using node@v8.10.0
4 verbose linkPkg /home/ronin/frontend-project-lvl1
5 silly gentlyRm /usr/local/lib/node_modules/hexlet-project1-test-ronin is being purged
6 verbose gentlyRm don't care about contents; nuking /usr/local/lib/node_modules/hexlet-project1-test-ronin
7 silly vacuum-fs purging /usr/local/lib/node_modules/hexlet-project1-test-ronin
8 silly vacuum-fs quitting because other entries in /usr/local/lib/node_modules
9 verbose link build target /usr/local/lib/node_modules/hexlet-project1-test-ronin
10 silly loadCurrentTree Starting
11 silly install loadCurrentTree
12 silly install readLocalPackageData
13 silly install normalizeTree
14 silly loadCurrentTree Finishing
15 silly loadIdealTree Starting
16 silly install loadIdealTree
17 silly cloneCurrentTree Starting
18 silly install cloneCurrentTreeToIdealTree
19 silly cloneCurrentTree Finishing
20 silly loadShrinkwrap Starting
21 silly install loadShrinkwrap
22 silly loadShrinkwrap Finishing
23 silly loadAllDepsIntoIdealTree Starting
24 silly install loadAllDepsIntoIdealTree
25 silly fetchNamedPackageData fsevents
26 silly mapToRegistry name fsevents
27 silly mapToRegistry using default registry
28 silly mapToRegistry registry https://registry.npmjs.org/
29 silly mapToRegistry uri https://registry.npmjs.org/fsevents
30 verbose request uri https://registry.npmjs.org/fsevents
31 verbose request no auth needed
32 info attempt registry request try #1 at 13:36:57
33 verbose request id 7942297df0583574
34 verbose etag W/"fbb37e036f39452b3cbdcefd30265919"
35 verbose lastModified Sat, 14 Dec 2019 11:28:26 GMT
36 http request GET https://registry.npmjs.org/fsevents
37 http 304 https://registry.npmjs.org/fsevents
38 verbose headers { date: 'Thu, 02 Jan 2020 11:36:57 GMT',
38 verbose headers   connection: 'keep-alive',
38 verbose headers   'set-cookie':
38 verbose headers    [ '__cfduid=d5cb994018016a395fa2f72b5489c6fa41577965017; expires=Sat, 01-Feb-20 11:36:57 GMT; path=/; domain=.npmjs.org; HttpOnly; SameSite=Lax' ],
38 verbose headers   'cf-ray': '54ec70304efe8f13-DME',
38 verbose headers   age: '5743',
38 verbose headers   'cache-control': 'public, max-age=300',
38 verbose headers   etag: '"fbb37e036f39452b3cbdcefd30265919"',
38 verbose headers   'last-modified': 'Sat, 14 Dec 2019 11:28:26 GMT',
38 verbose headers   vary: 'Accept-Encoding',
38 verbose headers   'cf-cache-status': 'HIT',
38 verbose headers   'expect-ct': 'max-age=604800, report-uri="https://report-uri.cloudflare.com/cdn-cgi/beacon/expect-ct"',
38 verbose headers   server: 'cloudflare' }
39 silly get cb [ 304,
39 silly get   { date: 'Thu, 02 Jan 2020 11:36:57 GMT',
39 silly get     connection: 'keep-alive',
39 silly get     'set-cookie':
39 silly get      [ '__cfduid=d5cb994018016a395fa2f72b5489c6fa41577965017; expires=Sat, 01-Feb-20 11:36:57 GMT; path=/; domain=.npmjs.org; HttpOnly; SameSite=Lax' ],
39 silly get     'cf-ray': '54ec70304efe8f13-DME',
39 silly get     age: '5743',
39 silly get     'cache-control': 'public, max-age=300',
39 silly get     etag: '"fbb37e036f39452b3cbdcefd30265919"',
39 silly get     'last-modified': 'Sat, 14 Dec 2019 11:28:26 GMT',
39 silly get     vary: 'Accept-Encoding',
39 silly get     'cf-cache-status': 'HIT',
39 silly get     'expect-ct': 'max-age=604800, report-uri="https://report-uri.cloudflare.com/cdn-cgi/beacon/expect-ct"',
39 silly get     server: 'cloudflare' } ]
40 verbose etag https://registry.npmjs.org/fsevents from cache
41 verbose get saving fsevents to /home/ronin/.npm/registry.npmjs.org/fsevents/.cache.json
42 silly resolveWithNewModule fsevents@1.2.11 checking installable status
43 silly loadAllDepsIntoIdealTree Finishing
44 silly idealTree:prePrune hexlet-project1-test-ronin@1.0.0
44 silly idealTree:prePrune ├── @babel/cli@7.7.7
44 silly idealTree:prePrune ├── @babel/code-frame@7.5.5
44 silly idealTree:prePrune ├─┬ @babel/core@7.7.7
44 silly idealTree:prePrune │ ├── debug@4.1.1
44 silly idealTree:prePrune │ └── ms@2.1.2
44 silly idealTree:prePrune ├── @babel/generator@7.7.7
44 silly idealTree:prePrune ├── @babel/helper-annotate-as-pure@7.7.4
44 silly idealTree:prePrune ├── @babel/helper-builder-binary-assignment-operator-visitor@7.7.4
44 silly idealTree:prePrune ├── @babel/helper-call-delegate@7.7.4
44 silly idealTree:prePrune ├── @babel/helper-create-regexp-features-plugin@7.7.4
44 silly idealTree:prePrune ├── @babel/helper-define-map@7.7.4
44 silly idealTree:prePrune ├── @babel/helper-explode-assignable-expression@7.7.4
44 silly idealTree:prePrune ├── @babel/helper-function-name@7.7.4
44 silly idealTree:prePrune ├── @babel/helper-get-function-arity@7.7.4
44 silly idealTree:prePrune ├── @babel/helper-hoist-variables@7.7.4
44 silly idealTree:prePrune ├── @babel/helper-member-expression-to-functions@7.7.4
44 silly idealTree:prePrune ├── @babel/helper-module-imports@7.7.4
44 silly idealTree:prePrune ├── @babel/helper-module-transforms@7.7.5
44 silly idealTree:prePrune ├── @babel/helper-optimise-call-expression@7.7.4
44 silly idealTree:prePrune ├── @babel/helper-plugin-utils@7.0.0
44 silly idealTree:prePrune ├── @babel/helper-regex@7.5.5
44 silly idealTree:prePrune ├── @babel/helper-remap-async-to-generator@7.7.4
44 silly idealTree:prePrune ├── @babel/helper-replace-supers@7.7.4
44 silly idealTree:prePrune ├── @babel/helper-simple-access@7.7.4
44 silly idealTree:prePrune ├── @babel/helper-split-export-declaration@7.7.4
44 silly idealTree:prePrune ├── @babel/helper-wrap-function@7.7.4
44 silly idealTree:prePrune ├── @babel/helpers@7.7.4
44 silly idealTree:prePrune ├── @babel/highlight@7.5.0
44 silly idealTree:prePrune ├─┬ @babel/node@7.7.7
44 silly idealTree:prePrune │ └── commander@2.20.3
44 silly idealTree:prePrune ├── @babel/parser@7.7.7
44 silly idealTree:prePrune ├── @babel/plugin-proposal-async-generator-functions@7.7.4
44 silly idealTree:prePrune ├── @babel/plugin-proposal-dynamic-import@7.7.4
44 silly idealTree:prePrune ├── @babel/plugin-proposal-json-strings@7.7.4
44 silly idealTree:prePrune ├── @babel/plugin-proposal-object-rest-spread@7.7.7
44 silly idealTree:prePrune ├── @babel/plugin-proposal-optional-catch-binding@7.7.4
44 silly idealTree:prePrune ├── @babel/plugin-proposal-unicode-property-regex@7.7.7
44 silly idealTree:prePrune ├── @babel/plugin-syntax-async-generators@7.7.4
44 silly idealTree:prePrune ├── @babel/plugin-syntax-dynamic-import@7.7.4
44 silly idealTree:prePrune ├── @babel/plugin-syntax-json-strings@7.7.4
44 silly idealTree:prePrune ├── @babel/plugin-syntax-object-rest-spread@7.7.4
44 silly idealTree:prePrune ├── @babel/plugin-syntax-optional-catch-binding@7.7.4
44 silly idealTree:prePrune ├── @babel/plugin-syntax-top-level-await@7.7.4
44 silly idealTree:prePrune ├── @babel/plugin-transform-arrow-functions@7.7.4
44 silly idealTree:prePrune ├── @babel/plugin-transform-async-to-generator@7.7.4
44 silly idealTree:prePrune ├── @babel/plugin-transform-block-scoped-functions@7.7.4
44 silly idealTree:prePrune ├── @babel/plugin-transform-block-scoping@7.7.4
44 silly idealTree:prePrune ├── @babel/plugin-transform-classes@7.7.4
44 silly idealTree:prePrune ├── @babel/plugin-transform-computed-properties@7.7.4
44 silly idealTree:prePrune ├── @babel/plugin-transform-destructuring@7.7.4
44 silly idealTree:prePrune ├── @babel/plugin-transform-dotall-regex@7.7.7
44 silly idealTree:prePrune ├── @babel/plugin-transform-duplicate-keys@7.7.4
44 silly idealTree:prePrune ├── @babel/plugin-transform-exponentiation-operator@7.7.4
44 silly idealTree:prePrune ├── @babel/plugin-transform-for-of@7.7.4
44 silly idealTree:prePrune ├── @babel/plugin-transform-function-name@7.7.4
44 silly idealTree:prePrune ├── @babel/plugin-transform-literals@7.7.4
44 silly idealTree:prePrune ├── @babel/plugin-transform-member-expression-literals@7.7.4
44 silly idealTree:prePrune ├── @babel/plugin-transform-modules-amd@7.7.5
44 silly idealTree:prePrune ├── @babel/plugin-transform-modules-commonjs@7.7.5
44 silly idealTree:prePrune ├── @babel/plugin-transform-modules-systemjs@7.7.4
44 silly idealTree:prePrune ├── @babel/plugin-transform-modules-umd@7.7.4
44 silly idealTree:prePrune ├── @babel/plugin-transform-named-capturing-groups-regex@7.7.4
44 silly idealTree:prePrune ├── @babel/plugin-transform-new-target@7.7.4
44 silly idealTree:prePrune ├── @babel/plugin-transform-object-super@7.7.4
44 silly idealTree:prePrune ├── @babel/plugin-transform-parameters@7.7.7
44 silly idealTree:prePrune ├── @babel/plugin-transform-property-literals@7.7.4
44 silly idealTree:prePrune ├── @babel/plugin-transform-regenerator@7.7.5
44 silly idealTree:prePrune ├── @babel/plugin-transform-reserved-words@7.7.4
44 silly idealTree:prePrune ├── @babel/plugin-transform-shorthand-properties@7.7.4
44 silly idealTree:prePrune ├── @babel/plugin-transform-spread@7.7.4
44 silly idealTree:prePrune ├── @babel/plugin-transform-sticky-regex@7.7.4
44 silly idealTree:prePrune ├── @babel/plugin-transform-template-literals@7.7.4
44 silly idealTree:prePrune ├── @babel/plugin-transform-typeof-symbol@7.7.4
44 silly idealTree:prePrune ├── @babel/plugin-transform-unicode-regex@7.7.4
44 silly idealTree:prePrune ├── @babel/preset-env@7.7.7
44 silly idealTree:prePrune ├── @babel/register@7.7.7
44 silly idealTree:prePrune ├── @babel/template@7.7.4
44 silly idealTree:prePrune ├─┬ @babel/traverse@7.7.4
44 silly idealTree:prePrune │ ├── debug@4.1.1
44 silly idealTree:prePrune │ └── ms@2.1.2
44 silly idealTree:prePrune ├── @babel/types@7.7.4
44 silly idealTree:prePrune ├── ansi-styles@3.2.1
44 silly idealTree:prePrune ├─┬ anymatch@2.0.0
44 silly idealTree:prePrune │ └── normalize-path@2.1.1
44 silly idealTree:prePrune ├── arr-diff@4.0.0
44 silly idealTree:prePrune ├── arr-flatten@1.1.0
44 silly idealTree:prePrune ├── arr-union@3.1.0
44 silly idealTree:prePrune ├── array-unique@0.3.2
44 silly idealTree:prePrune ├── assign-symbols@1.0.0
44 silly idealTree:prePrune ├── async-each@1.0.3
44 silly idealTree:prePrune ├── atob@2.1.2
44 silly idealTree:prePrune ├── babel-plugin-dynamic-import-node@2.3.0
44 silly idealTree:prePrune ├── balanced-match@1.0.0
44 silly idealTree:prePrune ├─┬ base@0.11.2
44 silly idealTree:prePrune │ ├── define-property@1.0.0
44 silly idealTree:prePrune │ ├── is-accessor-descriptor@1.0.0
44 silly idealTree:prePrune │ ├── is-data-descriptor@1.0.0
44 silly idealTree:prePrune │ └── is-descriptor@1.0.2
44 silly idealTree:prePrune ├── binary-extensions@1.13.1
44 silly idealTree:prePrune ├── brace-expansion@1.1.11
44 silly idealTree:prePrune ├─┬ braces@2.3.2
44 silly idealTree:prePrune │ └── extend-shallow@2.0.1
44 silly idealTree:prePrune ├── browserslist@4.8.2
44 silly idealTree:prePrune ├── buffer-from@1.1.1
44 silly idealTree:prePrune ├── cache-base@1.0.1
44 silly idealTree:prePrune ├── caniuse-lite@1.0.30001017
44 silly idealTree:prePrune ├── chalk@2.4.2
44 silly idealTree:prePrune ├── chokidar@2.1.8
44 silly idealTree:prePrune ├─┬ class-utils@0.3.6
44 silly idealTree:prePrune │ └── define-property@0.2.5
44 silly idealTree:prePrune ├── collection-visit@1.0.0
44 silly idealTree:prePrune ├── color-convert@1.9.3
44 silly idealTree:prePrune ├── color-name@1.1.3
44 silly idealTree:prePrune ├── commander@4.0.1
44 silly idealTree:prePrune ├── commondir@1.0.1
44 silly idealTree:prePrune ├── component-emitter@1.3.0
44 silly idealTree:prePrune ├── concat-map@0.0.1
44 silly idealTree:prePrune ├── convert-source-map@1.7.0
44 silly idealTree:prePrune ├── copy-descriptor@0.1.1
44 silly idealTree:prePrune ├─┬ core-js-compat@3.6.1
44 silly idealTree:prePrune │ └── semver@7.0.0
44 silly idealTree:prePrune ├── core-js@3.6.1
44 silly idealTree:prePrune ├── core-util-is@1.0.2
44 silly idealTree:prePrune ├── debug@2.6.9
44 silly idealTree:prePrune ├── decode-uri-component@0.2.0
44 silly idealTree:prePrune ├── define-properties@1.1.3
44 silly idealTree:prePrune ├─┬ define-property@2.0.2
44 silly idealTree:prePrune │ ├── is-accessor-descriptor@1.0.0
44 silly idealTree:prePrune │ ├── is-data-descriptor@1.0.0
44 silly idealTree:prePrune │ └── is-descriptor@1.0.2
44 silly idealTree:prePrune ├── electron-to-chromium@1.3.322
44 silly idealTree:prePrune ├── es-abstract@1.17.0
44 silly idealTree:prePrune ├── es-to-primitive@1.2.1
44 silly idealTree:prePrune ├── escape-string-regexp@1.0.5
44 silly idealTree:prePrune ├── esutils@2.0.3
44 silly idealTree:prePrune ├─┬ expand-brackets@2.1.4
44 silly idealTree:prePrune │ ├── define-property@0.2.5
44 silly idealTree:prePrune │ └── extend-shallow@2.0.1
44 silly idealTree:prePrune ├─┬ extend-shallow@3.0.2
44 silly idealTree:prePrune │ └── is-extendable@1.0.1
44 silly idealTree:prePrune ├─┬ extglob@2.0.4
44 silly idealTree:prePrune │ ├── define-property@1.0.0
44 silly idealTree:prePrune │ ├── extend-shallow@2.0.1
44 silly idealTree:prePrune │ ├── is-accessor-descriptor@1.0.0
44 silly idealTree:prePrune │ ├── is-data-descriptor@1.0.0
44 silly idealTree:prePrune │ └── is-descriptor@1.0.2
44 silly idealTree:prePrune ├─┬ fill-range@4.0.0
44 silly idealTree:prePrune │ └── extend-shallow@2.0.1
44 silly idealTree:prePrune ├── find-cache-dir@2.1.0
44 silly idealTree:prePrune ├── find-up@3.0.0
44 silly idealTree:prePrune ├── for-in@1.0.2
44 silly idealTree:prePrune ├── fragment-cache@0.2.1
44 silly idealTree:prePrune ├── fs-readdir-recursive@1.1.0
44 silly idealTree:prePrune ├── fs.realpath@1.0.0
44 silly idealTree:prePrune ├── function-bind@1.1.1
44 silly idealTree:prePrune ├── get-value@2.0.6
44 silly idealTree:prePrune ├─┬ glob-parent@3.1.0
44 silly idealTree:prePrune │ └── is-glob@3.1.0
44 silly idealTree:prePrune ├── glob@7.1.6
44 silly idealTree:prePrune ├── globals@11.12.0
44 silly idealTree:prePrune ├── graceful-fs@4.2.3
44 silly idealTree:prePrune ├── has-flag@3.0.0
44 silly idealTree:prePrune ├── has-symbols@1.0.1
44 silly idealTree:prePrune ├── has-value@1.0.0
44 silly idealTree:prePrune ├─┬ has-values@1.0.0
44 silly idealTree:prePrune │ └── kind-of@4.0.0
44 silly idealTree:prePrune ├── has@1.0.3
44 silly idealTree:prePrune ├── homedir-polyfill@1.0.3
44 silly idealTree:prePrune ├── inflight@1.0.6
44 silly idealTree:prePrune ├── inherits@2.0.4
44 silly idealTree:prePrune ├── invariant@2.2.4
44 silly idealTree:prePrune ├─┬ is-accessor-descriptor@0.1.6
44 silly idealTree:prePrune │ └── kind-of@3.2.2
44 silly idealTree:prePrune ├── is-binary-path@1.0.1
44 silly idealTree:prePrune ├── is-buffer@1.1.6
44 silly idealTree:prePrune ├── is-callable@1.1.5
44 silly idealTree:prePrune ├─┬ is-data-descriptor@0.1.4
44 silly idealTree:prePrune │ └── kind-of@3.2.2
44 silly idealTree:prePrune ├── is-date-object@1.0.2
44 silly idealTree:prePrune ├─┬ is-descriptor@0.1.6
44 silly idealTree:prePrune │ └── kind-of@5.1.0
44 silly idealTree:prePrune ├── is-extendable@0.1.1
44 silly idealTree:prePrune ├── is-extglob@2.1.1
44 silly idealTree:prePrune ├── is-glob@4.0.1
44 silly idealTree:prePrune ├─┬ is-number@3.0.0
44 silly idealTree:prePrune │ └── kind-of@3.2.2
44 silly idealTree:prePrune ├── is-plain-object@2.0.4
44 silly idealTree:prePrune ├── is-regex@1.0.5
44 silly idealTree:prePrune ├── is-symbol@1.0.3
44 silly idealTree:prePrune ├── is-windows@1.0.2
44 silly idealTree:prePrune ├── isarray@1.0.0
44 silly idealTree:prePrune ├── isobject@3.0.1
44 silly idealTree:prePrune ├── js-levenshtein@1.1.6
44 silly idealTree:prePrune ├── js-tokens@4.0.0
44 silly idealTree:prePrune ├── jsesc@2.5.2
44 silly idealTree:prePrune ├── json5@2.1.1
44 silly idealTree:prePrune ├── kind-of@6.0.2
44 silly idealTree:prePrune ├── locate-path@3.0.0
44 silly idealTree:prePrune ├── lodash@4.17.15
44 silly idealTree:prePrune ├── loose-envify@1.4.0
44 silly idealTree:prePrune ├── make-dir@2.1.0
44 silly idealTree:prePrune ├── map-cache@0.2.2
44 silly idealTree:prePrune ├── map-visit@1.0.0
44 silly idealTree:prePrune ├── micromatch@3.1.10
44 silly idealTree:prePrune ├── minimatch@3.0.4
44 silly idealTree:prePrune ├── minimist@1.2.0
44 silly idealTree:prePrune ├─┬ mixin-deep@1.3.2
44 silly idealTree:prePrune │ └── is-extendable@1.0.1
44 silly idealTree:prePrune ├── ms@2.0.0
44 silly idealTree:prePrune ├── nanomatch@1.2.13
44 silly idealTree:prePrune ├── node-environment-flags@1.0.6
44 silly idealTree:prePrune ├── node-modules-regexp@1.0.0
44 silly idealTree:prePrune ├─┬ node-releases@1.1.44
44 silly idealTree:prePrune │ └── semver@6.3.0
44 silly idealTree:prePrune ├── normalize-path@3.0.0
44 silly idealTree:prePrune ├─┬ object-copy@0.1.0
44 silly idealTree:prePrune │ ├── define-property@0.2.5
44 silly idealTree:prePrune │ └── kind-of@3.2.2
44 silly idealTree:prePrune ├── object-inspect@1.7.0
44 silly idealTree:prePrune ├── object-keys@1.1.1
44 silly idealTree:prePrune ├── object-visit@1.0.1
44 silly idealTree:prePrune ├── object.assign@4.1.0
44 silly idealTree:prePrune ├── object.getownpropertydescriptors@2.1.0
44 silly idealTree:prePrune ├── object.pick@1.3.0
44 silly idealTree:prePrune ├── once@1.4.0
44 silly idealTree:prePrune ├── p-limit@2.2.2
44 silly idealTree:prePrune ├── p-locate@3.0.0
44 silly idealTree:prePrune ├── p-try@2.2.0
44 silly idealTree:prePrune ├── parse-passwd@1.0.0
44 silly idealTree:prePrune ├── pascalcase@0.1.1
44 silly idealTree:prePrune ├── path-dirname@1.0.2
44 silly idealTree:prePrune ├── path-exists@3.0.0
44 silly idealTree:prePrune ├── path-is-absolute@1.0.1
44 silly idealTree:prePrune ├── path-parse@1.0.6
44 silly idealTree:prePrune ├── pify@4.0.1
44 silly idealTree:prePrune ├── pirates@4.0.1
44 silly idealTree:prePrune ├── pkg-dir@3.0.0
44 silly idealTree:prePrune ├── posix-character-classes@0.1.1
44 silly idealTree:prePrune ├── private@0.1.8
44 silly idealTree:prePrune ├── process-nextick-args@2.0.1
44 silly idealTree:prePrune ├── readable-stream@2.3.6
44 silly idealTree:prePrune ├── readdirp@2.2.1
44 silly idealTree:prePrune ├── regenerate-unicode-properties@8.1.0
44 silly idealTree:prePrune ├── regenerate@1.4.0
44 silly idealTree:prePrune ├── regenerator-runtime@0.13.3
44 silly idealTree:prePrune ├── regenerator-transform@0.14.1
44 silly idealTree:prePrune ├── regex-not@1.0.2
44 silly idealTree:prePrune ├── regexpu-core@4.6.0
44 silly idealTree:prePrune ├── regjsgen@0.5.1
44 silly idealTree:prePrune ├─┬ regjsparser@0.6.2
44 silly idealTree:prePrune │ └── jsesc@0.5.0
44 silly idealTree:prePrune ├── remove-trailing-separator@1.1.0
44 silly idealTree:prePrune ├── repeat-element@1.1.3
44 silly idealTree:prePrune ├── repeat-string@1.6.1
44 silly idealTree:prePrune ├── resolve-url@0.2.1
44 silly idealTree:prePrune ├── resolve@1.14.1
44 silly idealTree:prePrune ├── ret@0.1.15
44 silly idealTree:prePrune ├── safe-buffer@5.1.2
44 silly idealTree:prePrune ├── safe-regex@1.1.0
44 silly idealTree:prePrune ├── semver@5.7.1
44 silly idealTree:prePrune ├─┬ set-value@2.0.1
44 silly idealTree:prePrune │ └── extend-shallow@2.0.1
44 silly idealTree:prePrune ├── slash@2.0.0
44 silly idealTree:prePrune ├─┬ snapdragon-node@2.1.1
44 silly idealTree:prePrune │ ├── define-property@1.0.0
44 silly idealTree:prePrune │ ├── is-accessor-descriptor@1.0.0
44 silly idealTree:prePrune │ ├── is-data-descriptor@1.0.0
44 silly idealTree:prePrune │ └── is-descriptor@1.0.2
44 silly idealTree:prePrune ├─┬ snapdragon-util@3.0.1
44 silly idealTree:prePrune │ └── kind-of@3.2.2
44 silly idealTree:prePrune ├─┬ snapdragon@0.8.2
44 silly idealTree:prePrune │ ├── define-property@0.2.5
44 silly idealTree:prePrune │ └── extend-shallow@2.0.1
44 silly idealTree:prePrune ├── source-map-resolve@0.5.3
44 silly idealTree:prePrune ├─┬ source-map-support@0.5.16
44 silly idealTree:prePrune │ └── source-map@0.6.1
44 silly idealTree:prePrune ├── source-map-url@0.4.0
44 silly idealTree:prePrune ├── source-map@0.5.7
44 silly idealTree:prePrune ├── split-string@3.1.0
44 silly idealTree:prePrune ├─┬ static-extend@0.1.2
44 silly idealTree:prePrune │ └── define-property@0.2.5
44 silly idealTree:prePrune ├── string_decoder@1.1.1
44 silly idealTree:prePrune ├── string.prototype.trimleft@2.1.1
44 silly idealTree:prePrune ├── string.prototype.trimright@2.1.1
44 silly idealTree:prePrune ├── supports-color@5.5.0
44 silly idealTree:prePrune ├── to-fast-properties@2.0.0
44 silly idealTree:prePrune ├─┬ to-object-path@0.3.0
44 silly idealTree:prePrune │ └── kind-of@3.2.2
44 silly idealTree:prePrune ├── to-regex-range@2.1.1
44 silly idealTree:prePrune ├── to-regex@3.0.2
44 silly idealTree:prePrune ├── unicode-canonical-property-names-ecmascript@1.0.4
44 silly idealTree:prePrune ├── unicode-match-property-ecmascript@1.0.4
44 silly idealTree:prePrune ├── unicode-match-property-value-ecmascript@1.1.0
44 silly idealTree:prePrune ├── unicode-property-aliases-ecmascript@1.0.5
44 silly idealTree:prePrune ├── union-value@1.0.1
44 silly idealTree:prePrune ├─┬ unset-value@1.0.0
44 silly idealTree:prePrune │ ├─┬ has-value@0.3.1
44 silly idealTree:prePrune │ │ └── isobject@2.1.0
44 silly idealTree:prePrune │ └── has-values@0.1.4
44 silly idealTree:prePrune ├── upath@1.2.0
44 silly idealTree:prePrune ├── urix@0.1.0
44 silly idealTree:prePrune ├── use@3.1.1
44 silly idealTree:prePrune ├── util-deprecate@1.0.2
44 silly idealTree:prePrune ├── v8flags@3.1.3
44 silly idealTree:prePrune └── wrappy@1.0.2
45 silly loadIdealTree Finishing
46 silly currentTree hexlet-project1-test-ronin@1.0.0
46 silly currentTree ├── @babel/cli@7.7.7
46 silly currentTree ├── @babel/code-frame@7.5.5
46 silly currentTree ├─┬ @babel/core@7.7.7
46 silly currentTree │ ├── debug@4.1.1
46 silly currentTree │ └── ms@2.1.2
46 silly currentTree ├── @babel/generator@7.7.7
46 silly currentTree ├── @babel/helper-annotate-as-pure@7.7.4
46 silly currentTree ├── @babel/helper-builder-binary-assignment-operator-visitor@7.7.4
46 silly currentTree ├── @babel/helper-call-delegate@7.7.4
46 silly currentTree ├── @babel/helper-create-regexp-features-plugin@7.7.4
46 silly currentTree ├── @babel/helper-define-map@7.7.4
46 silly currentTree ├── @babel/helper-explode-assignable-expression@7.7.4
46 silly currentTree ├── @babel/helper-function-name@7.7.4
46 silly currentTree ├── @babel/helper-get-function-arity@7.7.4
46 silly currentTree ├── @babel/helper-hoist-variables@7.7.4
46 silly currentTree ├── @babel/helper-member-expression-to-functions@7.7.4
46 silly currentTree ├── @babel/helper-module-imports@7.7.4
46 silly currentTree ├── @babel/helper-module-transforms@7.7.5
46 silly currentTree ├── @babel/helper-optimise-call-expression@7.7.4
46 silly currentTree ├── @babel/helper-plugin-utils@7.0.0
46 silly currentTree ├── @babel/helper-regex@7.5.5
46 silly currentTree ├── @babel/helper-remap-async-to-generator@7.7.4
46 silly currentTree ├── @babel/helper-replace-supers@7.7.4
46 silly currentTree ├── @babel/helper-simple-access@7.7.4
46 silly currentTree ├── @babel/helper-split-export-declaration@7.7.4
46 silly currentTree ├── @babel/helper-wrap-function@7.7.4
46 silly currentTree ├── @babel/helpers@7.7.4
46 silly currentTree ├── @babel/highlight@7.5.0
46 silly currentTree ├─┬ @babel/node@7.7.7
46 silly currentTree │ └── commander@2.20.3
46 silly currentTree ├── @babel/parser@7.7.7
46 silly currentTree ├── @babel/plugin-proposal-async-generator-functions@7.7.4
46 silly currentTree ├── @babel/plugin-proposal-dynamic-import@7.7.4
46 silly currentTree ├── @babel/plugin-proposal-json-strings@7.7.4
46 silly currentTree ├── @babel/plugin-proposal-object-rest-spread@7.7.7
46 silly currentTree ├── @babel/plugin-proposal-optional-catch-binding@7.7.4
46 silly currentTree ├── @babel/plugin-proposal-unicode-property-regex@7.7.7
46 silly currentTree ├── @babel/plugin-syntax-async-generators@7.7.4
46 silly currentTree ├── @babel/plugin-syntax-dynamic-import@7.7.4
46 silly currentTree ├── @babel/plugin-syntax-json-strings@7.7.4
46 silly currentTree ├── @babel/plugin-syntax-object-rest-spread@7.7.4
46 silly currentTree ├── @babel/plugin-syntax-optional-catch-binding@7.7.4
46 silly currentTree ├── @babel/plugin-syntax-top-level-await@7.7.4
46 silly currentTree ├── @babel/plugin-transform-arrow-functions@7.7.4
46 silly currentTree ├── @babel/plugin-transform-async-to-generator@7.7.4
46 silly currentTree ├── @babel/plugin-transform-block-scoped-functions@7.7.4
46 silly currentTree ├── @babel/plugin-transform-block-scoping@7.7.4
46 silly currentTree ├── @babel/plugin-transform-classes@7.7.4
46 silly currentTree ├── @babel/plugin-transform-computed-properties@7.7.4
46 silly currentTree ├── @babel/plugin-transform-destructuring@7.7.4
46 silly currentTree ├── @babel/plugin-transform-dotall-regex@7.7.7
46 silly currentTree ├── @babel/plugin-transform-duplicate-keys@7.7.4
46 silly currentTree ├── @babel/plugin-transform-exponentiation-operator@7.7.4
46 silly currentTree ├── @babel/plugin-transform-for-of@7.7.4
46 silly currentTree ├── @babel/plugin-transform-function-name@7.7.4
46 silly currentTree ├── @babel/plugin-transform-literals@7.7.4
46 silly currentTree ├── @babel/plugin-transform-member-expression-literals@7.7.4
46 silly currentTree ├── @babel/plugin-transform-modules-amd@7.7.5
46 silly currentTree ├── @babel/plugin-transform-modules-commonjs@7.7.5
46 silly currentTree ├── @babel/plugin-transform-modules-systemjs@7.7.4
46 silly currentTree ├── @babel/plugin-transform-modules-umd@7.7.4
46 silly currentTree ├── @babel/plugin-transform-named-capturing-groups-regex@7.7.4
46 silly currentTree ├── @babel/plugin-transform-new-target@7.7.4
46 silly currentTree ├── @babel/plugin-transform-object-super@7.7.4
46 silly currentTree ├── @babel/plugin-transform-parameters@7.7.7
46 silly currentTree ├── @babel/plugin-transform-property-literals@7.7.4
46 silly currentTree ├── @babel/plugin-transform-regenerator@7.7.5
46 silly currentTree ├── @babel/plugin-transform-reserved-words@7.7.4
46 silly currentTree ├── @babel/plugin-transform-shorthand-properties@7.7.4
46 silly currentTree ├── @babel/plugin-transform-spread@7.7.4
46 silly currentTree ├── @babel/plugin-transform-sticky-regex@7.7.4
46 silly currentTree ├── @babel/plugin-transform-template-literals@7.7.4
46 silly currentTree ├── @babel/plugin-transform-typeof-symbol@7.7.4
46 silly currentTree ├── @babel/plugin-transform-unicode-regex@7.7.4
46 silly currentTree ├── @babel/preset-env@7.7.7
46 silly currentTree ├── @babel/register@7.7.7
46 silly currentTree ├── @babel/template@7.7.4
46 silly currentTree ├─┬ @babel/traverse@7.7.4
46 silly currentTree │ ├── debug@4.1.1
46 silly currentTree │ └── ms@2.1.2
46 silly currentTree ├── @babel/types@7.7.4
46 silly currentTree ├── ansi-styles@3.2.1
46 silly currentTree ├─┬ anymatch@2.0.0
46 silly currentTree │ └── normalize-path@2.1.1
46 silly currentTree ├── arr-diff@4.0.0
46 silly currentTree ├── arr-flatten@1.1.0
46 silly currentTree ├── arr-union@3.1.0
46 silly currentTree ├── array-unique@0.3.2
46 silly currentTree ├── assign-symbols@1.0.0
46 silly currentTree ├── async-each@1.0.3
46 silly currentTree ├── atob@2.1.2
46 silly currentTree ├── babel-plugin-dynamic-import-node@2.3.0
46 silly currentTree ├── balanced-match@1.0.0
46 silly currentTree ├─┬ base@0.11.2
46 silly currentTree │ ├── define-property@1.0.0
46 silly currentTree │ ├── is-accessor-descriptor@1.0.0
46 silly currentTree │ ├── is-data-descriptor@1.0.0
46 silly currentTree │ └── is-descriptor@1.0.2
46 silly currentTree ├── binary-extensions@1.13.1
46 silly currentTree ├── brace-expansion@1.1.11
46 silly currentTree ├─┬ braces@2.3.2
46 silly currentTree │ └── extend-shallow@2.0.1
46 silly currentTree ├── browserslist@4.8.2
46 silly currentTree ├── buffer-from@1.1.1
46 silly currentTree ├── cache-base@1.0.1
46 silly currentTree ├── caniuse-lite@1.0.30001017
46 silly currentTree ├── chalk@2.4.2
46 silly currentTree ├── chokidar@2.1.8
46 silly currentTree ├─┬ class-utils@0.3.6
46 silly currentTree │ └── define-property@0.2.5
46 silly currentTree ├── collection-visit@1.0.0
46 silly currentTree ├── color-convert@1.9.3
46 silly currentTree ├── color-name@1.1.3
46 silly currentTree ├── commander@4.0.1
46 silly currentTree ├── commondir@1.0.1
46 silly currentTree ├── component-emitter@1.3.0
46 silly currentTree ├── concat-map@0.0.1
46 silly currentTree ├── convert-source-map@1.7.0
46 silly currentTree ├── copy-descriptor@0.1.1
46 silly currentTree ├─┬ core-js-compat@3.6.1
46 silly currentTree │ └── semver@7.0.0
46 silly currentTree ├── core-js@3.6.1
46 silly currentTree ├── core-util-is@1.0.2
46 silly currentTree ├── debug@2.6.9
46 silly currentTree ├── decode-uri-component@0.2.0
46 silly currentTree ├── define-properties@1.1.3
46 silly currentTree ├─┬ define-property@2.0.2
46 silly currentTree │ ├── is-accessor-descriptor@1.0.0
46 silly currentTree │ ├── is-data-descriptor@1.0.0
46 silly currentTree │ └── is-descriptor@1.0.2
46 silly currentTree ├── electron-to-chromium@1.3.322
46 silly currentTree ├── es-abstract@1.17.0
46 silly currentTree ├── es-to-primitive@1.2.1
46 silly currentTree ├── escape-string-regexp@1.0.5
46 silly currentTree ├── esutils@2.0.3
46 silly currentTree ├─┬ expand-brackets@2.1.4
46 silly currentTree │ ├── define-property@0.2.5
46 silly currentTree │ └── extend-shallow@2.0.1
46 silly currentTree ├─┬ extend-shallow@3.0.2
46 silly currentTree │ └── is-extendable@1.0.1
46 silly currentTree ├─┬ extglob@2.0.4
46 silly currentTree │ ├── define-property@1.0.0
46 silly currentTree │ ├── extend-shallow@2.0.1
46 silly currentTree │ ├── is-accessor-descriptor@1.0.0
46 silly currentTree │ ├── is-data-descriptor@1.0.0
46 silly currentTree │ └── is-descriptor@1.0.2
46 silly currentTree ├─┬ fill-range@4.0.0
46 silly currentTree │ └── extend-shallow@2.0.1
46 silly currentTree ├── find-cache-dir@2.1.0
46 silly currentTree ├── find-up@3.0.0
46 silly currentTree ├── for-in@1.0.2
46 silly currentTree ├── fragment-cache@0.2.1
46 silly currentTree ├── fs-readdir-recursive@1.1.0
46 silly currentTree ├── fs.realpath@1.0.0
46 silly currentTree ├── function-bind@1.1.1
46 silly currentTree ├── get-value@2.0.6
46 silly currentTree ├─┬ glob-parent@3.1.0
46 silly currentTree │ └── is-glob@3.1.0
46 silly currentTree ├── glob@7.1.6
46 silly currentTree ├── globals@11.12.0
46 silly currentTree ├── graceful-fs@4.2.3
46 silly currentTree ├── has-flag@3.0.0
46 silly currentTree ├── has-symbols@1.0.1
46 silly currentTree ├── has-value@1.0.0
46 silly currentTree ├─┬ has-values@1.0.0
46 silly currentTree │ └── kind-of@4.0.0
46 silly currentTree ├── has@1.0.3
46 silly currentTree ├── homedir-polyfill@1.0.3
46 silly currentTree ├── inflight@1.0.6
46 silly currentTree ├── inherits@2.0.4
46 silly currentTree ├── invariant@2.2.4
46 silly currentTree ├─┬ is-accessor-descriptor@0.1.6
46 silly currentTree │ └── kind-of@3.2.2
46 silly currentTree ├── is-binary-path@1.0.1
46 silly currentTree ├── is-buffer@1.1.6
46 silly currentTree ├── is-callable@1.1.5
46 silly currentTree ├─┬ is-data-descriptor@0.1.4
46 silly currentTree │ └── kind-of@3.2.2
46 silly currentTree ├── is-date-object@1.0.2
46 silly currentTree ├─┬ is-descriptor@0.1.6
46 silly currentTree │ └── kind-of@5.1.0
46 silly currentTree ├── is-extendable@0.1.1
46 silly currentTree ├── is-extglob@2.1.1
46 silly currentTree ├── is-glob@4.0.1
46 silly currentTree ├─┬ is-number@3.0.0
46 silly currentTree │ └── kind-of@3.2.2
46 silly currentTree ├── is-plain-object@2.0.4
46 silly currentTree ├── is-regex@1.0.5
46 silly currentTree ├── is-symbol@1.0.3
46 silly currentTree ├── is-windows@1.0.2
46 silly currentTree ├── isarray@1.0.0
46 silly currentTree ├── isobject@3.0.1
46 silly currentTree ├── js-levenshtein@1.1.6
46 silly currentTree ├── js-tokens@4.0.0
46 silly currentTree ├── jsesc@2.5.2
46 silly currentTree ├── json5@2.1.1
46 silly currentTree ├── kind-of@6.0.2
46 silly currentTree ├── locate-path@3.0.0
46 silly currentTree ├── lodash@4.17.15
46 silly currentTree ├── loose-envify@1.4.0
46 silly currentTree ├── make-dir@2.1.0
46 silly currentTree ├── map-cache@0.2.2
46 silly currentTree ├── map-visit@1.0.0
46 silly currentTree ├── micromatch@3.1.10
46 silly currentTree ├── minimatch@3.0.4
46 silly currentTree ├── minimist@1.2.0
46 silly currentTree ├─┬ mixin-deep@1.3.2
46 silly currentTree │ └── is-extendable@1.0.1
46 silly currentTree ├── ms@2.0.0
46 silly currentTree ├── nanomatch@1.2.13
46 silly currentTree ├── node-environment-flags@1.0.6
46 silly currentTree ├── node-modules-regexp@1.0.0
46 silly currentTree ├─┬ node-releases@1.1.44
46 silly currentTree │ └── semver@6.3.0
46 silly currentTree ├── normalize-path@3.0.0
46 silly currentTree ├─┬ object-copy@0.1.0
46 silly currentTree │ ├── define-property@0.2.5
46 silly currentTree │ └── kind-of@3.2.2
46 silly currentTree ├── object-inspect@1.7.0
46 silly currentTree ├── object-keys@1.1.1
46 silly currentTree ├── object-visit@1.0.1
46 silly currentTree ├── object.assign@4.1.0
46 silly currentTree ├── object.getownpropertydescriptors@2.1.0
46 silly currentTree ├── object.pick@1.3.0
46 silly currentTree ├── once@1.4.0
46 silly currentTree ├── p-limit@2.2.2
46 silly currentTree ├── p-locate@3.0.0
46 silly currentTree ├── p-try@2.2.0
46 silly currentTree ├── parse-passwd@1.0.0
46 silly currentTree ├── pascalcase@0.1.1
46 silly currentTree ├── path-dirname@1.0.2
46 silly currentTree ├── path-exists@3.0.0
46 silly currentTree ├── path-is-absolute@1.0.1
46 silly currentTree ├── path-parse@1.0.6
46 silly currentTree ├── pify@4.0.1
46 silly currentTree ├── pirates@4.0.1
46 silly currentTree ├── pkg-dir@3.0.0
46 silly currentTree ├── posix-character-classes@0.1.1
46 silly currentTree ├── private@0.1.8
46 silly currentTree ├── process-nextick-args@2.0.1
46 silly currentTree ├── readable-stream@2.3.6
46 silly currentTree ├── readdirp@2.2.1
46 silly currentTree ├── regenerate-unicode-properties@8.1.0
46 silly currentTree ├── regenerate@1.4.0
46 silly currentTree ├── regenerator-runtime@0.13.3
46 silly currentTree ├── regenerator-transform@0.14.1
46 silly currentTree ├── regex-not@1.0.2
46 silly currentTree ├── regexpu-core@4.6.0
46 silly currentTree ├── regjsgen@0.5.1
46 silly currentTree ├─┬ regjsparser@0.6.2
46 silly currentTree │ └── jsesc@0.5.0
46 silly currentTree ├── remove-trailing-separator@1.1.0
46 silly currentTree ├── repeat-element@1.1.3
46 silly currentTree ├── repeat-string@1.6.1
46 silly currentTree ├── resolve-url@0.2.1
46 silly currentTree ├── resolve@1.14.1
46 silly currentTree ├── ret@0.1.15
46 silly currentTree ├── safe-buffer@5.1.2
46 silly currentTree ├── safe-regex@1.1.0
46 silly currentTree ├── semver@5.7.1
46 silly currentTree ├─┬ set-value@2.0.1
46 silly currentTree │ └── extend-shallow@2.0.1
46 silly currentTree ├── slash@2.0.0
46 silly currentTree ├─┬ snapdragon-node@2.1.1
46 silly currentTree │ ├── define-property@1.0.0
46 silly currentTree │ ├── is-accessor-descriptor@1.0.0
46 silly currentTree │ ├── is-data-descriptor@1.0.0
46 silly currentTree │ └── is-descriptor@1.0.2
46 silly currentTree ├─┬ snapdragon-util@3.0.1
46 silly currentTree │ └── kind-of@3.2.2
46 silly currentTree ├─┬ snapdragon@0.8.2
46 silly currentTree │ ├── define-property@0.2.5
46 silly currentTree │ └── extend-shallow@2.0.1
46 silly currentTree ├── source-map-resolve@0.5.3
46 silly currentTree ├─┬ source-map-support@0.5.16
46 silly currentTree │ └── source-map@0.6.1
46 silly currentTree ├── source-map-url@0.4.0
46 silly currentTree ├── source-map@0.5.7
46 silly currentTree ├── split-string@3.1.0
46 silly currentTree ├─┬ static-extend@0.1.2
46 silly currentTree │ └── define-property@0.2.5
46 silly currentTree ├── string_decoder@1.1.1
46 silly currentTree ├── string.prototype.trimleft@2.1.1
46 silly currentTree ├── string.prototype.trimright@2.1.1
46 silly currentTree ├── supports-color@5.5.0
46 silly currentTree ├── to-fast-properties@2.0.0
46 silly currentTree ├─┬ to-object-path@0.3.0
46 silly currentTree │ └── kind-of@3.2.2
46 silly currentTree ├── to-regex-range@2.1.1
46 silly currentTree ├── to-regex@3.0.2
46 silly currentTree ├── unicode-canonical-property-names-ecmascript@1.0.4
46 silly currentTree ├── unicode-match-property-ecmascript@1.0.4
46 silly currentTree ├── unicode-match-property-value-ecmascript@1.1.0
46 silly currentTree ├── unicode-property-aliases-ecmascript@1.0.5
46 silly currentTree ├── union-value@1.0.1
46 silly currentTree ├─┬ unset-value@1.0.0
46 silly currentTree │ ├─┬ has-value@0.3.1
46 silly currentTree │ │ └── isobject@2.1.0
46 silly currentTree │ └── has-values@0.1.4
46 silly currentTree ├── upath@1.2.0
46 silly currentTree ├── urix@0.1.0
46 silly currentTree ├── use@3.1.1
46 silly currentTree ├── util-deprecate@1.0.2
46 silly currentTree ├── v8flags@3.1.3
46 silly currentTree └── wrappy@1.0.2
47 silly idealTree hexlet-project1-test-ronin@1.0.0
47 silly idealTree ├── @babel/cli@7.7.7
47 silly idealTree ├── @babel/code-frame@7.5.5
47 silly idealTree ├─┬ @babel/core@7.7.7
47 silly idealTree │ ├── debug@4.1.1
47 silly idealTree │ └── ms@2.1.2
47 silly idealTree ├── @babel/generator@7.7.7
47 silly idealTree ├── @babel/helper-annotate-as-pure@7.7.4
47 silly idealTree ├── @babel/helper-builder-binary-assignment-operator-visitor@7.7.4
47 silly idealTree ├── @babel/helper-call-delegate@7.7.4
47 silly idealTree ├── @babel/helper-create-regexp-features-plugin@7.7.4
47 silly idealTree ├── @babel/helper-define-map@7.7.4
47 silly idealTree ├── @babel/helper-explode-assignable-expression@7.7.4
47 silly idealTree ├── @babel/helper-function-name@7.7.4
47 silly idealTree ├── @babel/helper-get-function-arity@7.7.4
47 silly idealTree ├── @babel/helper-hoist-variables@7.7.4
47 silly idealTree ├── @babel/helper-member-expression-to-functions@7.7.4
47 silly idealTree ├── @babel/helper-module-imports@7.7.4
47 silly idealTree ├── @babel/helper-module-transforms@7.7.5
47 silly idealTree ├── @babel/helper-optimise-call-expression@7.7.4
47 silly idealTree ├── @babel/helper-plugin-utils@7.0.0
47 silly idealTree ├── @babel/helper-regex@7.5.5
47 silly idealTree ├── @babel/helper-remap-async-to-generator@7.7.4
47 silly idealTree ├── @babel/helper-replace-supers@7.7.4
47 silly idealTree ├── @babel/helper-simple-access@7.7.4
47 silly idealTree ├── @babel/helper-split-export-declaration@7.7.4
47 silly idealTree ├── @babel/helper-wrap-function@7.7.4
47 silly idealTree ├── @babel/helpers@7.7.4
47 silly idealTree ├── @babel/highlight@7.5.0
47 silly idealTree ├─┬ @babel/node@7.7.7
47 silly idealTree │ └── commander@2.20.3
47 silly idealTree ├── @babel/parser@7.7.7
47 silly idealTree ├── @babel/plugin-proposal-async-generator-functions@7.7.4
47 silly idealTree ├── @babel/plugin-proposal-dynamic-import@7.7.4
47 silly idealTree ├── @babel/plugin-proposal-json-strings@7.7.4
47 silly idealTree ├── @babel/plugin-proposal-object-rest-spread@7.7.7
47 silly idealTree ├── @babel/plugin-proposal-optional-catch-binding@7.7.4
47 silly idealTree ├── @babel/plugin-proposal-unicode-property-regex@7.7.7
47 silly idealTree ├── @babel/plugin-syntax-async-generators@7.7.4
47 silly idealTree ├── @babel/plugin-syntax-dynamic-import@7.7.4
47 silly idealTree ├── @babel/plugin-syntax-json-strings@7.7.4
47 silly idealTree ├── @babel/plugin-syntax-object-rest-spread@7.7.4
47 silly idealTree ├── @babel/plugin-syntax-optional-catch-binding@7.7.4
47 silly idealTree ├── @babel/plugin-syntax-top-level-await@7.7.4
47 silly idealTree ├── @babel/plugin-transform-arrow-functions@7.7.4
47 silly idealTree ├── @babel/plugin-transform-async-to-generator@7.7.4
47 silly idealTree ├── @babel/plugin-transform-block-scoped-functions@7.7.4
47 silly idealTree ├── @babel/plugin-transform-block-scoping@7.7.4
47 silly idealTree ├── @babel/plugin-transform-classes@7.7.4
47 silly idealTree ├── @babel/plugin-transform-computed-properties@7.7.4
47 silly idealTree ├── @babel/plugin-transform-destructuring@7.7.4
47 silly idealTree ├── @babel/plugin-transform-dotall-regex@7.7.7
47 silly idealTree ├── @babel/plugin-transform-duplicate-keys@7.7.4
47 silly idealTree ├── @babel/plugin-transform-exponentiation-operator@7.7.4
47 silly idealTree ├── @babel/plugin-transform-for-of@7.7.4
47 silly idealTree ├── @babel/plugin-transform-function-name@7.7.4
47 silly idealTree ├── @babel/plugin-transform-literals@7.7.4
47 silly idealTree ├── @babel/plugin-transform-member-expression-literals@7.7.4
47 silly idealTree ├── @babel/plugin-transform-modules-amd@7.7.5
47 silly idealTree ├── @babel/plugin-transform-modules-commonjs@7.7.5
47 silly idealTree ├── @babel/plugin-transform-modules-systemjs@7.7.4
47 silly idealTree ├── @babel/plugin-transform-modules-umd@7.7.4
47 silly idealTree ├── @babel/plugin-transform-named-capturing-groups-regex@7.7.4
47 silly idealTree ├── @babel/plugin-transform-new-target@7.7.4
47 silly idealTree ├── @babel/plugin-transform-object-super@7.7.4
47 silly idealTree ├── @babel/plugin-transform-parameters@7.7.7
47 silly idealTree ├── @babel/plugin-transform-property-literals@7.7.4
47 silly idealTree ├── @babel/plugin-transform-regenerator@7.7.5
47 silly idealTree ├── @babel/plugin-transform-reserved-words@7.7.4
47 silly idealTree ├── @babel/plugin-transform-shorthand-properties@7.7.4
47 silly idealTree ├── @babel/plugin-transform-spread@7.7.4
47 silly idealTree ├── @babel/plugin-transform-sticky-regex@7.7.4
47 silly idealTree ├── @babel/plugin-transform-template-literals@7.7.4
47 silly idealTree ├── @babel/plugin-transform-typeof-symbol@7.7.4
47 silly idealTree ├── @babel/plugin-transform-unicode-regex@7.7.4
47 silly idealTree ├── @babel/preset-env@7.7.7
47 silly idealTree ├── @babel/register@7.7.7
47 silly idealTree ├── @babel/template@7.7.4
47 silly idealTree ├─┬ @babel/traverse@7.7.4
47 silly idealTree │ ├── debug@4.1.1
47 silly idealTree │ └── ms@2.1.2
47 silly idealTree ├── @babel/types@7.7.4
47 silly idealTree ├── ansi-styles@3.2.1
47 silly idealTree ├─┬ anymatch@2.0.0
47 silly idealTree │ └── normalize-path@2.1.1
47 silly idealTree ├── arr-diff@4.0.0
47 silly idealTree ├── arr-flatten@1.1.0
47 silly idealTree ├── arr-union@3.1.0
47 silly idealTree ├── array-unique@0.3.2
47 silly idealTree ├── assign-symbols@1.0.0
47 silly idealTree ├── async-each@1.0.3
47 silly idealTree ├── atob@2.1.2
47 silly idealTree ├── babel-plugin-dynamic-import-node@2.3.0
47 silly idealTree ├── balanced-match@1.0.0
47 silly idealTree ├─┬ base@0.11.2
47 silly idealTree │ ├── define-property@1.0.0
47 silly idealTree │ ├── is-accessor-descriptor@1.0.0
47 silly idealTree │ ├── is-data-descriptor@1.0.0
47 silly idealTree │ └── is-descriptor@1.0.2
47 silly idealTree ├── binary-extensions@1.13.1
47 silly idealTree ├── brace-expansion@1.1.11
47 silly idealTree ├─┬ braces@2.3.2
47 silly idealTree │ └── extend-shallow@2.0.1
47 silly idealTree ├── browserslist@4.8.2
47 silly idealTree ├── buffer-from@1.1.1
47 silly idealTree ├── cache-base@1.0.1
47 silly idealTree ├── caniuse-lite@1.0.30001017
47 silly idealTree ├── chalk@2.4.2
47 silly idealTree ├── chokidar@2.1.8
47 silly idealTree ├─┬ class-utils@0.3.6
47 silly idealTree │ └── define-property@0.2.5
47 silly idealTree ├── collection-visit@1.0.0
47 silly idealTree ├── color-convert@1.9.3
47 silly idealTree ├── color-name@1.1.3
47 silly idealTree ├── commander@4.0.1
47 silly idealTree ├── commondir@1.0.1
47 silly idealTree ├── component-emitter@1.3.0
47 silly idealTree ├── concat-map@0.0.1
47 silly idealTree ├── convert-source-map@1.7.0
47 silly idealTree ├── copy-descriptor@0.1.1
47 silly idealTree ├─┬ core-js-compat@3.6.1
47 silly idealTree │ └── semver@7.0.0
47 silly idealTree ├── core-js@3.6.1
47 silly idealTree ├── core-util-is@1.0.2
47 silly idealTree ├── debug@2.6.9
47 silly idealTree ├── decode-uri-component@0.2.0
47 silly idealTree ├── define-properties@1.1.3
47 silly idealTree ├─┬ define-property@2.0.2
47 silly idealTree │ ├── is-accessor-descriptor@1.0.0
47 silly idealTree │ ├── is-data-descriptor@1.0.0
47 silly idealTree │ └── is-descriptor@1.0.2
47 silly idealTree ├── electron-to-chromium@1.3.322
47 silly idealTree ├── es-abstract@1.17.0
47 silly idealTree ├── es-to-primitive@1.2.1
47 silly idealTree ├── escape-string-regexp@1.0.5
47 silly idealTree ├── esutils@2.0.3
47 silly idealTree ├─┬ expand-brackets@2.1.4
47 silly idealTree │ ├── define-property@0.2.5
47 silly idealTree │ └── extend-shallow@2.0.1
47 silly idealTree ├─┬ extend-shallow@3.0.2
47 silly idealTree │ └── is-extendable@1.0.1
47 silly idealTree ├─┬ extglob@2.0.4
47 silly idealTree │ ├── define-property@1.0.0
47 silly idealTree │ ├── extend-shallow@2.0.1
47 silly idealTree │ ├── is-accessor-descriptor@1.0.0
47 silly idealTree │ ├── is-data-descriptor@1.0.0
47 silly idealTree │ └── is-descriptor@1.0.2
47 silly idealTree ├─┬ fill-range@4.0.0
47 silly idealTree │ └── extend-shallow@2.0.1
47 silly idealTree ├── find-cache-dir@2.1.0
47 silly idealTree ├── find-up@3.0.0
47 silly idealTree ├── for-in@1.0.2
47 silly idealTree ├── fragment-cache@0.2.1
47 silly idealTree ├── fs-readdir-recursive@1.1.0
47 silly idealTree ├── fs.realpath@1.0.0
47 silly idealTree ├── function-bind@1.1.1
47 silly idealTree ├── get-value@2.0.6
47 silly idealTree ├─┬ glob-parent@3.1.0
47 silly idealTree │ └── is-glob@3.1.0
47 silly idealTree ├── glob@7.1.6
47 silly idealTree ├── globals@11.12.0
47 silly idealTree ├── graceful-fs@4.2.3
47 silly idealTree ├── has-flag@3.0.0
47 silly idealTree ├── has-symbols@1.0.1
47 silly idealTree ├── has-value@1.0.0
47 silly idealTree ├─┬ has-values@1.0.0
47 silly idealTree │ └── kind-of@4.0.0
47 silly idealTree ├── has@1.0.3
47 silly idealTree ├── homedir-polyfill@1.0.3
47 silly idealTree ├── inflight@1.0.6
47 silly idealTree ├── inherits@2.0.4
47 silly idealTree ├── invariant@2.2.4
47 silly idealTree ├─┬ is-accessor-descriptor@0.1.6
47 silly idealTree │ └── kind-of@3.2.2
47 silly idealTree ├── is-binary-path@1.0.1
47 silly idealTree ├── is-buffer@1.1.6
47 silly idealTree ├── is-callable@1.1.5
47 silly idealTree ├─┬ is-data-descriptor@0.1.4
47 silly idealTree │ └── kind-of@3.2.2
47 silly idealTree ├── is-date-object@1.0.2
47 silly idealTree ├─┬ is-descriptor@0.1.6
47 silly idealTree │ └── kind-of@5.1.0
47 silly idealTree ├── is-extendable@0.1.1
47 silly idealTree ├── is-extglob@2.1.1
47 silly idealTree ├── is-glob@4.0.1
47 silly idealTree ├─┬ is-number@3.0.0
47 silly idealTree │ └── kind-of@3.2.2
47 silly idealTree ├── is-plain-object@2.0.4
47 silly idealTree ├── is-regex@1.0.5
47 silly idealTree ├── is-symbol@1.0.3
47 silly idealTree ├── is-windows@1.0.2
47 silly idealTree ├── isarray@1.0.0
47 silly idealTree ├── isobject@3.0.1
47 silly idealTree ├── js-levenshtein@1.1.6
47 silly idealTree ├── js-tokens@4.0.0
47 silly idealTree ├── jsesc@2.5.2
47 silly idealTree ├── json5@2.1.1
47 silly idealTree ├── kind-of@6.0.2
47 silly idealTree ├── locate-path@3.0.0
47 silly idealTree ├── lodash@4.17.15
47 silly idealTree ├── loose-envify@1.4.0
47 silly idealTree ├── make-dir@2.1.0
47 silly idealTree ├── map-cache@0.2.2
47 silly idealTree ├── map-visit@1.0.0
47 silly idealTree ├── micromatch@3.1.10
47 silly idealTree ├── minimatch@3.0.4
47 silly idealTree ├── minimist@1.2.0
47 silly idealTree ├─┬ mixin-deep@1.3.2
47 silly idealTree │ └── is-extendable@1.0.1
47 silly idealTree ├── ms@2.0.0
47 silly idealTree ├── nanomatch@1.2.13
47 silly idealTree ├── node-environment-flags@1.0.6
47 silly idealTree ├── node-modules-regexp@1.0.0
47 silly idealTree ├─┬ node-releases@1.1.44
47 silly idealTree │ └── semver@6.3.0
47 silly idealTree ├── normalize-path@3.0.0
47 silly idealTree ├─┬ object-copy@0.1.0
47 silly idealTree │ ├── define-property@0.2.5
47 silly idealTree │ └── kind-of@3.2.2
47 silly idealTree ├── object-inspect@1.7.0
47 silly idealTree ├── object-keys@1.1.1
47 silly idealTree ├── object-visit@1.0.1
47 silly idealTree ├── object.assign@4.1.0
47 silly idealTree ├── object.getownpropertydescriptors@2.1.0
47 silly idealTree ├── object.pick@1.3.0
47 silly idealTree ├── once@1.4.0
47 silly idealTree ├── p-limit@2.2.2
47 silly idealTree ├── p-locate@3.0.0
47 silly idealTree ├── p-try@2.2.0
47 silly idealTree ├── parse-passwd@1.0.0
47 silly idealTree ├── pascalcase@0.1.1
47 silly idealTree ├── path-dirname@1.0.2
47 silly idealTree ├── path-exists@3.0.0
47 silly idealTree ├── path-is-absolute@1.0.1
47 silly idealTree ├── path-parse@1.0.6
47 silly idealTree ├── pify@4.0.1
47 silly idealTree ├── pirates@4.0.1
47 silly idealTree ├── pkg-dir@3.0.0
47 silly idealTree ├── posix-character-classes@0.1.1
47 silly idealTree ├── private@0.1.8
47 silly idealTree ├── process-nextick-args@2.0.1
47 silly idealTree ├── readable-stream@2.3.6
47 silly idealTree ├── readdirp@2.2.1
47 silly idealTree ├── regenerate-unicode-properties@8.1.0
47 silly idealTree ├── regenerate@1.4.0
47 silly idealTree ├── regenerator-runtime@0.13.3
47 silly idealTree ├── regenerator-transform@0.14.1
47 silly idealTree ├── regex-not@1.0.2
47 silly idealTree ├── regexpu-core@4.6.0
47 silly idealTree ├── regjsgen@0.5.1
47 silly idealTree ├─┬ regjsparser@0.6.2
47 silly idealTree │ └── jsesc@0.5.0
47 silly idealTree ├── remove-trailing-separator@1.1.0
47 silly idealTree ├── repeat-element@1.1.3
47 silly idealTree ├── repeat-string@1.6.1
47 silly idealTree ├── resolve-url@0.2.1
47 silly idealTree ├── resolve@1.14.1
47 silly idealTree ├── ret@0.1.15
47 silly idealTree ├── safe-buffer@5.1.2
47 silly idealTree ├── safe-regex@1.1.0
47 silly idealTree ├── semver@5.7.1
47 silly idealTree ├─┬ set-value@2.0.1
47 silly idealTree │ └── extend-shallow@2.0.1
47 silly idealTree ├── slash@2.0.0
47 silly idealTree ├─┬ snapdragon-node@2.1.1
47 silly idealTree │ ├── define-property@1.0.0
47 silly idealTree │ ├── is-accessor-descriptor@1.0.0
47 silly idealTree │ ├── is-data-descriptor@1.0.0
47 silly idealTree │ └── is-descriptor@1.0.2
47 silly idealTree ├─┬ snapdragon-util@3.0.1
47 silly idealTree │ └── kind-of@3.2.2
47 silly idealTree ├─┬ snapdragon@0.8.2
47 silly idealTree │ ├── define-property@0.2.5
47 silly idealTree │ └── extend-shallow@2.0.1
47 silly idealTree ├── source-map-resolve@0.5.3
47 silly idealTree ├─┬ source-map-support@0.5.16
47 silly idealTree │ └── source-map@0.6.1
47 silly idealTree ├── source-map-url@0.4.0
47 silly idealTree ├── source-map@0.5.7
47 silly idealTree ├── split-string@3.1.0
47 silly idealTree ├─┬ static-extend@0.1.2
47 silly idealTree │ └── define-property@0.2.5
47 silly idealTree ├── string_decoder@1.1.1
47 silly idealTree ├── string.prototype.trimleft@2.1.1
47 silly idealTree ├── string.prototype.trimright@2.1.1
47 silly idealTree ├── supports-color@5.5.0
47 silly idealTree ├── to-fast-properties@2.0.0
47 silly idealTree ├─┬ to-object-path@0.3.0
47 silly idealTree │ └── kind-of@3.2.2
47 silly idealTree ├── to-regex-range@2.1.1
47 silly idealTree ├── to-regex@3.0.2
47 silly idealTree ├── unicode-canonical-property-names-ecmascript@1.0.4
47 silly idealTree ├── unicode-match-property-ecmascript@1.0.4
47 silly idealTree ├── unicode-match-property-value-ecmascript@1.1.0
47 silly idealTree ├── unicode-property-aliases-ecmascript@1.0.5
47 silly idealTree ├── union-value@1.0.1
47 silly idealTree ├─┬ unset-value@1.0.0
47 silly idealTree │ ├─┬ has-value@0.3.1
47 silly idealTree │ │ └── isobject@2.1.0
47 silly idealTree │ └── has-values@0.1.4
47 silly idealTree ├── upath@1.2.0
47 silly idealTree ├── urix@0.1.0
47 silly idealTree ├── use@3.1.1
47 silly idealTree ├── util-deprecate@1.0.2
47 silly idealTree ├── v8flags@3.1.3
47 silly idealTree └── wrappy@1.0.2
48 silly generateActionsToTake Starting
49 silly install generateActionsToTake
50 silly generateActionsToTake Finishing
51 silly diffTrees action count 0
52 silly decomposeActions action count 0
53 silly executeActions Starting
54 silly install executeActions
55 silly doSerial global-install 0
56 silly doParallel fetch 0
57 verbose lock using /home/ronin/.npm/_locks/staging-01c71c7bec80f6f3.lock for /home/ronin/frontend-project-lvl1/node_modules/.staging
58 silly doParallel extract 0
59 silly doParallel preinstall 0
60 silly doReverseSerial remove 0
61 silly doSerial move 0
62 silly doSerial finalize 0
63 silly doSerial build 0
64 silly doSerial global-link 0
65 silly doParallel update-linked 0
66 silly doSerial install 0
67 silly doSerial postinstall 0
68 verbose unlock done using /home/ronin/.npm/_locks/staging-01c71c7bec80f6f3.lock for /home/ronin/frontend-project-lvl1/node_modules/.staging
69 silly executeActions Finishing
70 silly rollbackFailedOptional Starting
71 silly rollbackFailedOptional Finishing
72 silly runTopLevelLifecycles Starting
73 silly install runTopLevelLifecycles
74 silly preinstall hexlet-project1-test-ronin@1.0.0 /home/ronin/frontend-project-lvl1/hexlet-project1-test-ronin-0d24d167
75 info lifecycle hexlet-project1-test-ronin@1.0.0~preinstall: hexlet-project1-test-ronin@1.0.0
76 silly lifecycle hexlet-project1-test-ronin@1.0.0~preinstall: no script for preinstall, continuing
77 silly build hexlet-project1-test-ronin@1.0.0
78 info linkStuff hexlet-project1-test-ronin@1.0.0
79 silly linkStuff hexlet-project1-test-ronin@1.0.0 has /home/ronin as its parent node_modules
80 verbose linkBins hexlet-project1-test-ronin@1.0.0
81 verbose linkMans hexlet-project1-test-ronin@1.0.0
82 silly install hexlet-project1-test-ronin@1.0.0 /home/ronin/frontend-project-lvl1/hexlet-project1-test-ronin-0d24d167
83 info lifecycle hexlet-project1-test-ronin@1.0.0~install: hexlet-project1-test-ronin@1.0.0
84 silly lifecycle hexlet-project1-test-ronin@1.0.0~install: no script for install, continuing
85 silly postinstall hexlet-project1-test-ronin@1.0.0 /home/ronin/frontend-project-lvl1/hexlet-project1-test-ronin-0d24d167
86 info lifecycle hexlet-project1-test-ronin@1.0.0~postinstall: hexlet-project1-test-ronin@1.0.0
87 silly lifecycle hexlet-project1-test-ronin@1.0.0~postinstall: no script for postinstall, continuing
88 silly prepublish hexlet-project1-test-ronin@1.0.0 /home/ronin/frontend-project-lvl1/hexlet-project1-test-ronin-0d24d167
89 info lifecycle hexlet-project1-test-ronin@1.0.0~prepublish: hexlet-project1-test-ronin@1.0.0
90 silly lifecycle hexlet-project1-test-ronin@1.0.0~prepublish: no script for prepublish, continuing
91 silly runTopLevelLifecycles Finishing
92 silly install printInstalled
93 warn optional Skipping failed optional dependency /chokidar/fsevents:
94 warn notsup Not compatible with your operating system or architecture: fsevents@1.2.11
95 warn hexlet-project1-test-ronin@1.0.0 No description
96 info build /usr/local/lib/node_modules/hexlet-project1-test-ronin
97 info linkStuff hexlet-project1-test-ronin@1.0.0
98 silly linkStuff hexlet-project1-test-ronin@1.0.0 has /usr/local/lib/node_modules as its parent node_modules
99 silly linkStuff hexlet-project1-test-ronin@1.0.0 is part of a global install
100 silly linkStuff hexlet-project1-test-ronin@1.0.0 is installed into a global node_modules
101 silly linkStuff hexlet-project1-test-ronin@1.0.0 is installed into the top-level global node_modules
102 verbose linkBins hexlet-project1-test-ronin@1.0.0
103 verbose link bins [ { 'brain-games': 'dist/bin/brain-games.js' },
103 verbose link bins   '/usr/local/bin',
103 verbose link bins   true ]
104 verbose linkMans hexlet-project1-test-ronin@1.0.0
105 verbose stack Error: ENOENT: no such file or directory, chmod '/usr/local/lib/node_modules/hexlet-project1-test-ronin/dist/bin/brain-games.js'
106 verbose cwd /home/ronin/frontend-project-lvl1/src
107 error Linux 5.0.0-37-generic
108 error argv "/usr/bin/node" "/usr/bin/npm" "link"
109 error node v8.10.0
110 error npm  v3.5.2
111 error path /usr/local/lib/node_modules/hexlet-project1-test-ronin/dist/bin/brain-games.js
112 error code ENOENT
113 error errno -2
114 error syscall chmod
115 error enoent ENOENT: no such file or directory, chmod '/usr/local/lib/node_modules/hexlet-project1-test-ronin/dist/bin/brain-games.js'
116 error enoent ENOENT: no such file or directory, chmod '/usr/local/lib/node_modules/hexlet-project1-test-ronin/dist/bin/brain-games.js'
116 error enoent This is most likely not a problem with npm itself
116 error enoent and is related to npm not being able to find a file.
117 verbose exit [ -2, true ]
